<?xml version="1.0" encoding="UTF-8"?>
<testsuite xmlns:xsi="http://www.w3.org/2001/XMLSchema-instance" xsi:noNamespaceSchemaLocation="https://maven.apache.org/surefire/maven-surefire-plugin/xsd/surefire-test-report-3.0.xsd" version="3.0" name="com.bridgelabz.quantitymeasurement.QuantityMeasurementApplicationTests" time="3.631" tests="4" errors="0" skipped="0" failures="0">
  <properties>
[...]
</properties>
  <testcase name="testAddIntegration" classname="com.bridgelabz.quantitymeasurement.QuantityMeasurementApplicationTests" time="0.428">
    <system-out><![CDATA[10:35:24.257 [main] INFO org.springframework.test.context.support.AnnotationConfigContextLoaderUtils -- Could not detect default configuration classes for test class [com.bridgelabz.quantitymeasurement.QuantityMeasurementApplicationTests]: QuantityMeasurementApplicationTests does not declare any static, non-private, non-final, nested classes annotated with @Configuration.
10:35:24.313 [main] INFO org.springframework.boot.test.context.SpringBootTestContextBootstrapper -- Found @SpringBootConfiguration com.bridgelabz.quantitymeasurement.QuantityMeasurementAppApplication for test class com.bridgelabz.quantitymeasurement.QuantityMeasurementApplicationTests

  .   ____          _            __ _ _
 /\\ / ___'_ __ _ _(_)_ __  __ _ \ \ \ \
( ( )\___ | '_ | '_| | '_ \/ _` | \ \ \ \
 \\/  ___)| |_)| | | | | || (_| |  ) ) ) )
  '  |____| .__|_| |_|_| |_\__, | / / / /
 =========|_|==============|___/=/_/_/_/
 :: Spring Boot ::                (v3.2.5)

2026-03-17T10:35:24.500+05:30  INFO 52137 --- [quantity-measurement-app] [           main] .b.q.QuantityMeasurementApplicationTests : Starting QuantityMeasurementApplicationTests using Java 25.0.2 with PID 52137 (started by shashikumaryadav in /Users/shashikumaryadav/Documents/QuantityMeasurementApp)
2026-03-17T10:35:24.501+05:30 DEBUG 52137 --- [quantity-measurement-app] [           main] .b.q.QuantityMeasurementApplicationTests : Running with Spring Boot v3.2.5, Spring v6.1.6
2026-03-17T10:35:24.501+05:30  INFO 52137 --- [quantity-measurement-app] [           main] .b.q.QuantityMeasurementApplicationTests : No active profile set, falling back to 1 default profile: "default"
2026-03-17T10:35:25.028+05:30  INFO 52137 --- [quantity-measurement-app] [           main] .s.d.r.c.RepositoryConfigurationDelegate : Bootstrapping Spring Data JPA repositories in DEFAULT mode.
2026-03-17T10:35:25.052+05:30  INFO 52137 --- [quantity-measurement-app] [           main] .s.d.r.c.RepositoryConfigurationDelegate : Finished Spring Data repository scanning in 20 ms. Found 1 JPA repository interface.
2026-03-17T10:35:25.437+05:30  INFO 52137 --- [quantity-measurement-app] [           main] o.s.b.w.embedded.tomcat.TomcatWebServer  : Tomcat initialized with port 0 (http)
2026-03-17T10:35:25.443+05:30  INFO 52137 --- [quantity-measurement-app] [           main] o.apache.catalina.core.StandardService   : Starting service [Tomcat]
2026-03-17T10:35:25.443+05:30  INFO 52137 --- [quantity-measurement-app] [           main] o.apache.catalina.core.StandardEngine    : Starting Servlet engine: [Apache Tomcat/10.1.20]
2026-03-17T10:35:25.466+05:30  INFO 52137 --- [quantity-measurement-app] [           main] o.a.c.c.C.[Tomcat].[localhost].[/]       : Initializing Spring embedded WebApplicationContext
2026-03-17T10:35:25.467+05:30  INFO 52137 --- [quantity-measurement-app] [           main] w.s.c.ServletWebServerApplicationContext : Root WebApplicationContext: initialization completed in 956 ms
2026-03-17T10:35:25.527+05:30  INFO 52137 --- [quantity-measurement-app] [           main] com.zaxxer.hikari.HikariDataSource       : HikariPool-1 - Starting...
2026-03-17T10:35:25.619+05:30  INFO 52137 --- [quantity-measurement-app] [           main] com.zaxxer.hikari.pool.HikariPool        : HikariPool-1 - Added connection conn0: url=jdbc:h2:mem:quantitymeasurementdb user=SA
2026-03-17T10:35:25.620+05:30  INFO 52137 --- [quantity-measurement-app] [           main] com.zaxxer.hikari.HikariDataSource       : HikariPool-1 - Start completed.
2026-03-17T10:35:25.626+05:30  INFO 52137 --- [quantity-measurement-app] [           main] o.s.b.a.h2.H2ConsoleAutoConfiguration    : H2 console available at '/h2-console'. Database available at 'jdbc:h2:mem:quantitymeasurementdb'
2026-03-17T10:35:25.715+05:30  INFO 52137 --- [quantity-measurement-app] [           main] o.hibernate.jpa.internal.util.LogHelper  : HHH000204: Processing PersistenceUnitInfo [name: default]
2026-03-17T10:35:25.746+05:30  INFO 52137 --- [quantity-measurement-app] [           main] org.hibernate.Version                    : HHH000412: Hibernate ORM core version 6.4.4.Final
2026-03-17T10:35:25.762+05:30  INFO 52137 --- [quantity-measurement-app] [           main] o.h.c.internal.RegionFactoryInitiator    : HHH000026: Second-level cache disabled
2026-03-17T10:35:25.871+05:30  INFO 52137 --- [quantity-measurement-app] [           main] o.s.o.j.p.SpringPersistenceUnitInfo      : No LoadTimeWeaver setup: ignoring JPA class transformer
2026-03-17T10:35:25.894+05:30  WARN 52137 --- [quantity-measurement-app] [           main] org.hibernate.orm.deprecation            : HHH90000025: H2Dialect does not need to be specified explicitly using 'hibernate.dialect' (remove the property setting and it will be selected by default)
2026-03-17T10:35:26.292+05:30  INFO 52137 --- [quantity-measurement-app] [           main] o.h.e.t.j.p.i.JtaPlatformInitiator       : HHH000489: No JTA platform available (set 'hibernate.transaction.jta.platform' to enable JTA platform integration)
2026-03-17T10:35:26.315+05:30 DEBUG 52137 --- [quantity-measurement-app] [           main] org.hibernate.SQL                        : 
    create table quantity_measurements (
        id bigint generated by default as identity,
        created_at timestamp(6),
        error_message varchar(255),
        is_error boolean not null,
        operation varchar(255),
        result_measurement_type varchar(255),
        result_string varchar(255),
        result_unit varchar(255),
        result_value float(53),
        that_measurement_type varchar(255),
        that_unit varchar(255),
        that_value float(53),
        this_measurement_type varchar(255),
        this_unit varchar(255),
        this_value float(53),
        primary key (id)
    )
Hibernate: 
    create table quantity_measurements (
        id bigint generated by default as identity,
        created_at timestamp(6),
        error_message varchar(255),
        is_error boolean not null,
        operation varchar(255),
        result_measurement_type varchar(255),
        result_string varchar(255),
        result_unit varchar(255),
        result_value float(53),
        that_measurement_type varchar(255),
        that_unit varchar(255),
        that_value float(53),
        this_measurement_type varchar(255),
        this_unit varchar(255),
        this_value float(53),
        primary key (id)
    )
2026-03-17T10:35:26.319+05:30  INFO 52137 --- [quantity-measurement-app] [           main] j.LocalContainerEntityManagerFactoryBean : Initialized JPA EntityManagerFactory for persistence unit 'default'
2026-03-17T10:35:26.473+05:30  INFO 52137 --- [quantity-measurement-app] [           main] o.s.d.j.r.query.QueryEnhancerFactory     : Hibernate is in classpath; If applicable, HQL parser will be used.
2026-03-17T10:35:26.718+05:30  WARN 52137 --- [quantity-measurement-app] [           main] JpaBaseConfiguration$JpaWebConfiguration : spring.jpa.open-in-view is enabled by default. Therefore, database queries may be performed during view rendering. Explicitly configure spring.jpa.open-in-view to disable this warning
2026-03-17T10:35:26.735+05:30  WARN 52137 --- [quantity-measurement-app] [           main] .s.s.UserDetailsServiceAutoConfiguration : 

Using generated security password: 890341cd-ecce-43db-b0b2-d61f65f0671c

This generated password is for development use only. Your security configuration must be updated before running your application in production.

2026-03-17T10:35:26.975+05:30  INFO 52137 --- [quantity-measurement-app] [           main] o.s.b.a.e.web.EndpointLinksResolver      : Exposing 3 endpoint(s) beneath base path '/actuator'
2026-03-17T10:35:27.002+05:30  INFO 52137 --- [quantity-measurement-app] [           main] o.s.s.web.DefaultSecurityFilterChain     : Will secure any request with [org.springframework.security.web.session.DisableEncodeUrlFilter@46791608, org.springframework.security.web.context.request.async.WebAsyncManagerIntegrationFilter@22263e1a, org.springframework.security.web.context.SecurityContextHolderFilter@15c25cb6, org.springframework.security.web.header.HeaderWriterFilter@6752d7fc, org.springframework.web.filter.CorsFilter@272600e1, org.springframework.security.web.authentication.logout.LogoutFilter@28023029, org.springframework.security.web.savedrequest.RequestCacheAwareFilter@2081c267, org.springframework.security.web.servletapi.SecurityContextHolderAwareRequestFilter@4dc9de0e, org.springframework.security.web.authentication.AnonymousAuthenticationFilter@1c1b9de9, org.springframework.security.web.access.ExceptionTranslationFilter@71d94ab, org.springframework.security.web.access.intercept.AuthorizationFilter@22027e62]
2026-03-17T10:35:27.290+05:30  INFO 52137 --- [quantity-measurement-app] [           main] o.s.b.w.embedded.tomcat.TomcatWebServer  : Tomcat started on port 54428 (http) with context path ''
2026-03-17T10:35:27.306+05:30  INFO 52137 --- [quantity-measurement-app] [           main] .b.q.QuantityMeasurementApplicationTests : Started QuantityMeasurementApplicationTests in 2.921 seconds (process running for 3.455)
2026-03-17T10:35:27.704+05:30  INFO 52137 --- [quantity-measurement-app] [o-auto-1-exec-1] o.a.c.c.C.[Tomcat].[localhost].[/]       : Initializing Spring DispatcherServlet 'dispatcherServlet'
2026-03-17T10:35:27.704+05:30  INFO 52137 --- [quantity-measurement-app] [o-auto-1-exec-1] o.s.web.servlet.DispatcherServlet        : Initializing Servlet 'dispatcherServlet'
2026-03-17T10:35:27.705+05:30  INFO 52137 --- [quantity-measurement-app] [o-auto-1-exec-1] o.s.web.servlet.DispatcherServlet        : Completed initialization in 1 ms
2026-03-17T10:35:27.756+05:30 DEBUG 52137 --- [quantity-measurement-app] [o-auto-1-exec-1] org.hibernate.SQL                        : 
    insert 
    into
        quantity_measurements
        (created_at, error_message, is_error, operation, result_measurement_type, result_string, result_unit, result_value, that_measurement_type, that_unit, that_value, this_measurement_type, this_unit, this_value, id) 
    values
        (?, ?, ?, ?, ?, ?, ?, ?, ?, ?, ?, ?, ?, ?, default)
Hibernate: 
    insert 
    into
        quantity_measurements
        (created_at, error_message, is_error, operation, result_measurement_type, result_string, result_unit, result_value, that_measurement_type, that_unit, that_value, this_measurement_type, this_unit, this_value, id) 
    values
        (?, ?, ?, ?, ?, ?, ?, ?, ?, ?, ?, ?, ?, ?, default)
]]></system-out>
    <system-err><![CDATA[WARNING: A Java agent has been loaded dynamically (/Users/shashikumaryadav/.m2/repository/net/bytebuddy/byte-buddy-agent/1.14.13/byte-buddy-agent-1.14.13.jar)
WARNING: If a serviceability tool is in use, please run with -XX:+EnableDynamicAgentLoading to hide this warning
WARNING: If a serviceability tool is not in use, please run with -Djdk.instrument.traceUsage for more information
WARNING: Dynamic loading of agents will be disallowed by default in a future release
]]></system-err>
  </testcase>
  <testcase name="contextLoads" classname="com.bridgelabz.quantitymeasurement.QuantityMeasurementApplicationTests" time="0.002"/>
  <testcase name="testInvalidUnitIntegration" classname="com.bridgelabz.quantitymeasurement.QuantityMeasurementApplicationTests" time="0.012">
    <system-out><![CDATA[2026-03-17T10:35:27.798+05:30 DEBUG 52137 --- [quantity-measurement-app] [o-auto-1-exec-2] org.hibernate.SQL                        : 
    insert 
    into
        quantity_measurements
        (created_at, error_message, is_error, operation, result_measurement_type, result_string, result_unit, result_value, that_measurement_type, that_unit, that_value, this_measurement_type, this_unit, this_value, id) 
    values
        (?, ?, ?, ?, ?, ?, ?, ?, ?, ?, ?, ?, ?, ?, default)
Hibernate: 
    insert 
    into
        quantity_measurements
        (created_at, error_message, is_error, operation, result_measurement_type, result_string, result_unit, result_value, that_measurement_type, that_unit, that_value, this_measurement_type, this_unit, this_value, id) 
    values
        (?, ?, ?, ?, ?, ?, ?, ?, ?, ?, ?, ?, ?, ?, default)
]]></system-out>
  </testcase>
  <testcase name="testCompareIntegration" classname="com.bridgelabz.quantitymeasurement.QuantityMeasurementApplicationTests" time="0.008">
    <system-out><![CDATA[2026-03-17T10:35:27.808+05:30 DEBUG 52137 --- [quantity-measurement-app] [o-auto-1-exec-3] org.hibernate.SQL                        : 
    insert 
    into
        quantity_measurements
        (created_at, error_message, is_error, operation, result_measurement_type, result_string, result_unit, result_value, that_measurement_type, that_unit, that_value, this_measurement_type, this_unit, this_value, id) 
    values
        (?, ?, ?, ?, ?, ?, ?, ?, ?, ?, ?, ?, ?, ?, default)
Hibernate: 
    insert 
    into
        quantity_measurements
        (created_at, error_message, is_error, operation, result_measurement_type, result_string, result_unit, result_value, that_measurement_type, that_unit, that_value, this_measurement_type, this_unit, this_value, id) 
    values
        (?, ?, ?, ?, ?, ?, ?, ?, ?, ?, ?, ?, ?, ?, default)
]]></system-out>
  </testcase>
</testsuite>